c:\users\stile777\documents\visual studio 2013\projects\visual c++ 2013\lotroboxer\lotroboxer\debug\lotroboxer.pch
c:\users\stile777\documents\visual studio 2013\projects\visual c++ 2013\lotroboxer\lotroboxer\debug\vc120.pdb
c:\users\stile777\documents\visual studio 2013\projects\visual c++ 2013\lotroboxer\lotroboxer\debug\vc120.idb
c:\users\stile777\documents\visual studio 2013\projects\visual c++ 2013\lotroboxer\lotroboxer\debug\stdafx.obj
c:\users\stile777\documents\visual studio 2013\projects\visual c++ 2013\lotroboxer\lotroboxer\debug\dlgproxy.obj
c:\users\stile777\documents\visual studio 2013\projects\visual c++ 2013\lotroboxer\lotroboxer\debug\lotroboxer.obj
c:\users\stile777\documents\visual studio 2013\projects\visual c++ 2013\lotroboxer\lotroboxer\debug\lotroboxerdlg.obj
c:\users\stile777\documents\visual studio 2013\projects\visual c++ 2013\lotroboxer\lotroboxer\debug\lotroboxer.tlb
c:\users\stile777\documents\visual studio 2013\projects\visual c++ 2013\lotroboxer\lotroboxer\lotroboxer_i.c
c:\users\stile777\documents\visual studio 2013\projects\visual c++ 2013\lotroboxer\lotroboxer\lotroboxer_h.h
c:\users\stile777\documents\visual studio 2013\projects\visual c++ 2013\lotroboxer\lotroboxer\debug\lotroboxer.res
c:\users\stile777\documents\visual studio 2013\projects\visual c++ 2013\lotroboxer\debug\lotroboxer.pdb
c:\users\stile777\documents\visual studio 2013\projects\visual c++ 2013\lotroboxer\lotroboxer\debug\lotroboxer.tlog\cl.command.1.tlog
c:\users\stile777\documents\visual studio 2013\projects\visual c++ 2013\lotroboxer\lotroboxer\debug\lotroboxer.tlog\cl.read.1.tlog
c:\users\stile777\documents\visual studio 2013\projects\visual c++ 2013\lotroboxer\lotroboxer\debug\lotroboxer.tlog\cl.write.1.tlog
c:\users\stile777\documents\visual studio 2013\projects\visual c++ 2013\lotroboxer\lotroboxer\debug\lotroboxer.tlog\link-cvtres.read.1.tlog
c:\users\stile777\documents\visual studio 2013\projects\visual c++ 2013\lotroboxer\lotroboxer\debug\lotroboxer.tlog\link-cvtres.write.1.tlog
c:\users\stile777\documents\visual studio 2013\projects\visual c++ 2013\lotroboxer\lotroboxer\debug\lotroboxer.tlog\link-mt.read.1.tlog
c:\users\stile777\documents\visual studio 2013\projects\visual c++ 2013\lotroboxer\lotroboxer\debug\lotroboxer.tlog\link-mt.write.1.tlog
c:\users\stile777\documents\visual studio 2013\projects\visual c++ 2013\lotroboxer\lotroboxer\debug\lotroboxer.tlog\link-rc.read.1.tlog
c:\users\stile777\documents\visual studio 2013\projects\visual c++ 2013\lotroboxer\lotroboxer\debug\lotroboxer.tlog\link-rc.write.1.tlog
c:\users\stile777\documents\visual studio 2013\projects\visual c++ 2013\lotroboxer\lotroboxer\debug\lotroboxer.tlog\link.command.1.tlog
c:\users\stile777\documents\visual studio 2013\projects\visual c++ 2013\lotroboxer\lotroboxer\debug\lotroboxer.tlog\link.read.1.tlog
c:\users\stile777\documents\visual studio 2013\projects\visual c++ 2013\lotroboxer\lotroboxer\debug\lotroboxer.tlog\link.write.1.tlog
c:\users\stile777\documents\visual studio 2013\projects\visual c++ 2013\lotroboxer\lotroboxer\debug\lotroboxer.tlog\midl.command.1.tlog
c:\users\stile777\documents\visual studio 2013\projects\visual c++ 2013\lotroboxer\lotroboxer\debug\lotroboxer.tlog\midl.read.1.tlog
c:\users\stile777\documents\visual studio 2013\projects\visual c++ 2013\lotroboxer\lotroboxer\debug\lotroboxer.tlog\midl.write.1.tlog
c:\users\stile777\documents\visual studio 2013\projects\visual c++ 2013\lotroboxer\lotroboxer\debug\lotroboxer.tlog\rc.command.1.tlog
c:\users\stile777\documents\visual studio 2013\projects\visual c++ 2013\lotroboxer\lotroboxer\debug\lotroboxer.tlog\rc.read.1.tlog
c:\users\stile777\documents\visual studio 2013\projects\visual c++ 2013\lotroboxer\lotroboxer\debug\lotroboxer.tlog\rc.write.1.tlog
